生成启动时间为 2016/5/26 0:18:31。
     1>项目“F:\game project opengl\Nengine\ZombieWar\ZombieWar.vcxproj”在节点 2 上(Build 个目标)。
     1>ClCompile:
         F:\visualstudio2013\VC\bin\CL.exe /c /Zi /nologo /W3 /WX- /sdl /O2 /Oi /Oy- /GL /D WIN32 /D NDEBUG /D _CONSOLE /D _LIB /D _UNICODE /D UNICODE /Gm- /EHsc /MD /GS /Gy /fp:precise /Zc:wchar_t /Zc:forScope /Fo"Release\\" /Fd"Release\vc120.pdb" /FR"Release\\" /Gd /TP /analyze- /errorReport:prompt Agent.cpp
         Agent.cpp
     1>Agent.cpp(48): warning C4018: “<”: 有符号/无符号不匹配
     1>Agent.cpp(99): warning C4244: “参数”: 从“float”转换到“unsigned int”，可能丢失数据
       Link:
         F:\visualstudio2013\VC\bin\link.exe /ERRORREPORT:PROMPT /OUT:"F:\game project opengl\Nengine\Release\ZombieWar.exe" /INCREMENTAL:NO /NOLOGO SDL2.lib SDL2main.lib opengl32.lib glew32.lib NeroEngine.lib SDL2_mixer.lib SDL2_ttf.lib kernel32.lib user32.lib gdi32.lib winspool.lib comdlg32.lib advapi32.lib shell32.lib ole32.lib oleaut32.lib uuid.lib odbc32.lib odbccp32.lib /MANIFEST /MANIFESTUAC:"level='asInvoker' uiAccess='false'" /manifest:embed /DEBUG /PDB:"F:\game project opengl\Nengine\Release\ZombieWar.pdb" /SUBSYSTEM:CONSOLE /OPT:REF /OPT:ICF /LTCG /TLBID:1 /DYNAMICBASE /NXCOMPAT /IMPLIB:"F:\game project opengl\Nengine\Release\ZombieWar.lib" /MACHINE:X86 /SAFESEH /SAFESEH:NO Release\Agent.obj
         Release\Bullet.obj
         Release\Gun.obj
         Release\Human.obj
         Release\Level.obj
         Release\MainGame.obj
         Release\mian.obj
         Release\Player.obj
         Release\Zombie.obj
         正在生成代码
         已完成代码的生成
         ZombieWar.vcxproj -> F:\game project opengl\Nengine\Release\ZombieWar.exe
       BscMake:
         F:\visualstudio2013\VC\bin\bscmake.exe /nologo /o"F:\game project opengl\Nengine\Release\ZombieWar.bsc" /n Release\Agent.sbr Release\Bullet.sbr Release\Gun.sbr Release\Human.sbr Release\Level.sbr Release\MainGame.sbr Release\mian.sbr Release\Player.sbr Release\Zombie.sbr
     1>已完成生成项目“F:\game project opengl\Nengine\ZombieWar\ZombieWar.vcxproj”(Build 个目标)的操作。

生成成功。

已用时间 00:00:05.54
